<?xml version="1.0" encoding="UTF-8"?>
<testsuite name="org.example.features.search.SearchByKeywordStory" tests="1" skipped="0" failures="0" errors="0" timestamp="2024-05-21T16:49:01" hostname="DESKTOP-TAVU0N2" time="7.671">
  <properties/>
  <testcase name="searching_by_keyword_football_should_display_the_corresponding_article" classname="org.example.features.search.SearchByKeywordStory" time="7.671"/>
  <system-out><![CDATA[]]></system-out>
  <system-err><![CDATA[SLF4J: Failed to load class "org.slf4j.impl.StaticLoggerBinder".
SLF4J: Defaulting to no-operation (NOP) logger implementation
SLF4J: See http://www.slf4j.org/codes.html#StaticLoggerBinder for further details.
Starting ChromeDriver 125.0.6422.60 (3ac3319bff9f3e139d632e3d195e3d2d43d86e37-refs/branch-heads/6422@{#1017}) on port 24168
Only local connections are allowed.
Please see https://chromedriver.chromium.org/security-considerations for suggestions on keeping ChromeDriver safe.
ChromeDriver was started successfully.
May 21, 2024 7:49:04 PM org.openqa.selenium.remote.ProtocolHandshake createSession
INFO: Detected dialect: W3C
]]></system-err>
</testsuite>
