<?xml version="1.0" encoding="UTF-8"?>
<testsuite name="org.example.features.search.SearchByKeywordStory" tests="3" skipped="1" failures="1" errors="0" timestamp="2024-05-21T16:53:31" hostname="DESKTOP-TAVU0N2" time="16.39">
  <properties/>
  <testcase name="searching_by_keyword_football_should_display_the_corresponding_article" classname="org.example.features.search.SearchByKeywordStory" time="10.208"/>
  <testcase name="searching_by_keyword_bistrita_should_Display_the_corresponding_article" classname="org.example.features.search.SearchByKeywordStory" time="5.036">
    <failure message="java.lang.AssertionError: &#10;Expected: a collection containing a string containing &quot;The capital city of BistriÈ›a-NÄƒsÄƒud County, Romania.&quot;&#10;     but: was &quot;The capital city of Bistrița-Năsăud County, Romania. quotations ▼&quot;, was &quot;&quot;, was &quot;A river in Romania; a tributary of the Siret. synonyms ▲quotations ▼&#10;Synonyms: Bistrița Aurie, Bistrița River&quot;, was &quot;&quot;, was &quot;&quot;, was &quot;&quot;, was &quot;&quot;" type="java.lang.AssertionError">java.lang.AssertionError: 
Expected: a collection containing a string containing &quot;The capital city of BistriÈ›a-NÄƒsÄƒud County, Romania.&quot;
     but: was &quot;The capital city of Bistrița-Năsăud County, Romania. quotations ▼&quot;, was &quot;&quot;, was &quot;A river in Romania; a tributary of the Siret. synonyms ▲quotations ▼
Synonyms: Bistrița Aurie, Bistrița River&quot;, was &quot;&quot;, was &quot;&quot;, was &quot;&quot;, was &quot;&quot;
	at org.example.steps.serenity.EndUserSteps.should_see_definition(EndUserSteps.java:27)
	at org.example.features.search.SearchByKeywordStory.searching_by_keyword_bistrita_should_Display_the_corresponding_article(SearchByKeywordStory.java:39)
	at worker.org.gradle.process.internal.worker.GradleWorkerMain.run(GradleWorkerMain.java:69)
	at worker.org.gradle.process.internal.worker.GradleWorkerMain.main(GradleWorkerMain.java:74)
</failure>
  </testcase>
  <testcase name="searching_by_ambiguous_keyword_should_display_the_disambiguation_page" classname="org.example.features.search.SearchByKeywordStory" time="0.0">
    <skipped/>
  </testcase>
  <system-out><![CDATA[]]></system-out>
  <system-err><![CDATA[SLF4J: Failed to load class "org.slf4j.impl.StaticLoggerBinder".
SLF4J: Defaulting to no-operation (NOP) logger implementation
SLF4J: See http://www.slf4j.org/codes.html#StaticLoggerBinder for further details.
Starting ChromeDriver 125.0.6422.60 (3ac3319bff9f3e139d632e3d195e3d2d43d86e37-refs/branch-heads/6422@{#1017}) on port 29570
Only local connections are allowed.
Please see https://chromedriver.chromium.org/security-considerations for suggestions on keeping ChromeDriver safe.
ChromeDriver was started successfully.
May 21, 2024 7:53:36 PM org.openqa.selenium.remote.ProtocolHandshake createSession
INFO: Detected dialect: W3C
]]></system-err>
</testsuite>
