<?xml version="1.0" encoding="UTF-8"?>
<testsuite name="org.example.features.search.SearchByKeywordStory" tests="1" skipped="0" failures="0" errors="0" timestamp="2024-05-21T15:27:31" hostname="LAPTOP" time="7.589">
  <properties/>
  <testcase name="searching_by_keyword_football_should_display_the_corresponding_article" classname="org.example.features.search.SearchByKeywordStory" time="7.589"/>
  <system-out><![CDATA[]]></system-out>
  <system-err><![CDATA[SLF4J: Failed to load class "org.slf4j.impl.StaticLoggerBinder".
SLF4J: Defaulting to no-operation (NOP) logger implementation
SLF4J: See http://www.slf4j.org/codes.html#StaticLoggerBinder for further details.
Starting ChromeDriver 114.0.5735.90 (386bc09e8f4f2e025eddae123f36f6263096ae49-refs/branch-heads/5735@{#1052}) on port 34621
Only local connections are allowed.
Please see https://chromedriver.chromium.org/security-considerations for suggestions on keeping ChromeDriver safe.
ChromeDriver was started successfully.
May 21, 2024 6:27:34 PM org.openqa.selenium.remote.ProtocolHandshake createSession
INFO: Detected dialect: W3C
]]></system-err>
</testsuite>
